<?xml version="1.0" encoding="UTF-8"?>
<!-- Generated by org.testng.reporters.JUnitXMLReporter -->
<testsuite hostname="LAPTOP-3DA4SQB3" ignored="1" name="Default test" tests="2" failures="0" timestamp="14 Mar 2021 07:20:31 GMT" time="0.119" errors="0">
  <testcase name="te" time="0.0" classname="org.samsung.pageexecution.BuyingPageExecution2"/>
  <testcase name="te" time="0.016" classname="org.samsung.pageexecution.BuyingPageExecution2"/>
  <testcase name="exchangeDeviceYesClick" time="0.0" classname="org.samsung.pageexecution.BuyingPageExecution2">
    <ignored/>
  </testcase> <!-- exchangeDeviceYesClick -->
</testsuite> <!-- Default test -->
