<?xml version="1.0" encoding="UTF-8"?>
<!-- Generated by org.testng.reporters.JUnitXMLReporter -->
<testsuite hostname="LAPTOP-3DA4SQB3" ignored="1" name="Test" tests="27" failures="3" timestamp="14 Mar 2021 08:16:31 GMT" time="0.581" errors="0">
  <testcase name="exchangeDeviceYesClose" time="0.063" classname="org.samsung.pageexecution.BuyingPageExecution">
    <skipped/>
  </testcase> <!-- exchangeDeviceYesClose -->
  <testcase name="exchangeDeviceYesClose" time="0.0" classname="org.samsung.pageexecution.BuyingPageExecution">
    <skipped/>
  </testcase> <!-- exchangeDeviceYesClose -->
  <testcase name="exchangeDeviceYesClose" time="0.0" classname="org.samsung.pageexecution.BuyingPageExecution">
    <skipped/>
  </testcase> <!-- exchangeDeviceYesClose -->
  <testcase name="exchangeDeviceYesClose" time="0.0" classname="org.samsung.pageexecution.BuyingPageExecution">
    <skipped/>
  </testcase> <!-- exchangeDeviceYesClose -->
  <testcase name="exchangeDeviceYesClose" time="0.0" classname="org.samsung.pageexecution.BuyingPageExecution">
    <skipped/>
  </testcase> <!-- exchangeDeviceYesClose -->
  <testcase name="exchangeDeviceYesClose" time="0.016" classname="org.samsung.pageexecution.BuyingPageExecution">
    <skipped/>
  </testcase> <!-- exchangeDeviceYesClose -->
  <testcase name="exchangeDeviceYesClose" time="0.0" classname="org.samsung.pageexecution.BuyingPageExecution">
    <skipped/>
  </testcase> <!-- exchangeDeviceYesClose -->
  <testcase name="exchangeDeviceYesClose" time="0.015" classname="org.samsung.pageexecution.BuyingPageExecution">
    <skipped/>
  </testcase> <!-- exchangeDeviceYesClose -->
  <testcase name="exchangeDeviceYesClose" time="0.016" classname="org.samsung.pageexecution.BuyingPageExecution">
    <skipped/>
  </testcase> <!-- exchangeDeviceYesClose -->
  <testcase name="exchangeDeviceYesClose" time="0.0" classname="org.samsung.pageexecution.BuyingPageExecution">
    <skipped/>
  </testcase> <!-- exchangeDeviceYesClose -->
  <testcase name="exchangeDeviceYesClose" time="0.0" classname="org.samsung.pageexecution.BuyingPageExecution">
    <failure type="java.lang.NullPointerException">
      <![CDATA[java.lang.NullPointerException
at org.openqa.selenium.support.pagefactory.DefaultElementLocator.findElement(DefaultElementLocator.java:69)
at org.openqa.selenium.support.pagefactory.internal.LocatingElementHandler.invoke(LocatingElementHandler.java:38)
at com.sun.proxy.$Proxy15.click(Unknown Source)
at org.baseutil.Baseclass.click(Baseclass.java:50)
at org.samsung.pageexecution.BuyingPageExecution.exchangeDeviceYesClose(BuyingPageExecution.java:86)
... Removed 25 stack frames]]>
    </failure>
  </testcase> <!-- exchangeDeviceYesClose -->
  <testcase name="te" time="0.0" classname="org.samsung.pageexecution.BuyingPageExecution">
    <failure type="org.testng.TestNGException" message="
Cannot inject @Test annotated Method [te] with [class java.lang.String, class java.lang.String, class java.lang.String].
For more information on native dependency injection please refer to http://testng.org/doc/documentation-main.html#native-dependency-injection">
      <![CDATA[org.testng.TestNGException: 
Cannot inject @Test annotated Method [te] with [class java.lang.String, class java.lang.String, class java.lang.String].
For more information on native dependency injection please refer to http://testng.org/doc/documentation-main.html#native-dependency-injection
... Removed 24 stack frames]]>
    </failure>
  </testcase> <!-- te -->
  <testcase name="tel" time="0.015" classname="org.samsung.pageexecution.BuyingPageExecution"/>
  <testcase name="tel" time="0.012" classname="org.samsung.pageexecution.BuyingPageExecution"/>
  <testcase name="exchangeDeviceYesClick" time="0.0" classname="org.samsung.pageexecution.BuyingPageExecution2">
    <skipped/>
  </testcase> <!-- exchangeDeviceYesClick -->
  <testcase name="exchangeDeviceYesClick" time="0.0" classname="org.samsung.pageexecution.BuyingPageExecution2">
    <skipped/>
  </testcase> <!-- exchangeDeviceYesClick -->
  <testcase name="exchangeDeviceYesClick" time="0.0" classname="org.samsung.pageexecution.BuyingPageExecution2">
    <skipped/>
  </testcase> <!-- exchangeDeviceYesClick -->
  <testcase name="exchangeDeviceYesClick" time="0.016" classname="org.samsung.pageexecution.BuyingPageExecution2">
    <skipped/>
  </testcase> <!-- exchangeDeviceYesClick -->
  <testcase name="exchangeDeviceYesClick" time="0.0" classname="org.samsung.pageexecution.BuyingPageExecution2">
    <skipped/>
  </testcase> <!-- exchangeDeviceYesClick -->
  <testcase name="exchangeDeviceYesClick" time="0.0" classname="org.samsung.pageexecution.BuyingPageExecution2">
    <skipped/>
  </testcase> <!-- exchangeDeviceYesClick -->
  <testcase name="exchangeDeviceYesClick" time="0.016" classname="org.samsung.pageexecution.BuyingPageExecution2">
    <skipped/>
  </testcase> <!-- exchangeDeviceYesClick -->
  <testcase name="exchangeDeviceYesClick" time="0.016" classname="org.samsung.pageexecution.BuyingPageExecution2">
    <skipped/>
  </testcase> <!-- exchangeDeviceYesClick -->
  <testcase name="exchangeDeviceYesClick" time="0.0" classname="org.samsung.pageexecution.BuyingPageExecution2">
    <skipped/>
  </testcase> <!-- exchangeDeviceYesClick -->
  <testcase name="exchangeDeviceYesClick" time="0.0" classname="org.samsung.pageexecution.BuyingPageExecution2">
    <skipped/>
  </testcase> <!-- exchangeDeviceYesClick -->
  <testcase name="exchangeDeviceYesClick" time="0.0" classname="org.samsung.pageexecution.BuyingPageExecution2">
    <failure type="java.lang.AssertionError" message="expected [true] but found [false]">
      <![CDATA[java.lang.AssertionError: expected [true] but found [false]
at org.samsung.pageexecution.BuyingPageExecution2.exchangeDeviceYesClick(BuyingPageExecution2.java:40)
... Removed 29 stack frames]]>
    </failure>
  </testcase> <!-- exchangeDeviceYesClick -->
  <testcase name="te" time="0.0" classname="org.samsung.pageexecution.BuyingPageExecution2"/>
  <testcase name="te" time="0.0" classname="org.samsung.pageexecution.BuyingPageExecution2"/>
  <testcase name="exchangeDeviceYesClick" time="0.0" classname="org.samsung.pageexecution.BuyingPageExecution">
    <ignored/>
  </testcase> <!-- exchangeDeviceYesClick -->
</testsuite> <!-- Test -->
