<?xml version="1.0" encoding="UTF-8"?>
<!-- Generated by org.testng.reporters.JUnitXMLReporter -->
<testsuite hostname="LAPTOP-3DA4SQB3" ignored="0" name="Test1" tests="3" failures="0" timestamp="14 Mar 2021 06:19:39 GMT" time="13.291" errors="0">
  <testcase name="exchangeDeviceYesClick" time="1.114" classname="org.samsung.pageexecution.BuyingPageExecution"/>
  <testcase name="exchangeDeviceYesClose" time="0.413" classname="org.samsung.pageexecution.BuyingPageExecution"/>
  <testcase name="te" time="0.0" classname="org.samsung.pageexecution.BuyingPageExecution"/>
</testsuite> <!-- Test1 -->
