<?xml version="1.0" encoding="UTF-8"?>
<!-- Generated by org.testng.reporters.JUnitXMLReporter -->
<testsuite hostname="LAPTOP-3DA4SQB3" ignored="1" name="Test" tests="2" failures="1" timestamp="13 Mar 2021 11:46:29 GMT" time="0.536" errors="0">
  <testcase name="exchangeDeviceYesClick" time="0.446" classname="org.samsung.pageexecution.BuyingPageExecution">
    <failure type="java.lang.NullPointerException">
      <![CDATA[java.lang.NullPointerException
at org.openqa.selenium.support.pagefactory.DefaultElementLocator.findElement(DefaultElementLocator.java:69)
at org.openqa.selenium.support.pagefactory.internal.LocatingElementHandler.invoke(LocatingElementHandler.java:38)
at com.sun.proxy.$Proxy15.click(Unknown Source)
at org.baseutil.Baseclass.click(Baseclass.java:50)
at org.samsung.pageexecution.BuyingPageExecution.exchangeDeviceYesClick(BuyingPageExecution.java:52)
... Removed 25 stack frames]]>
    </failure>
  </testcase> <!-- exchangeDeviceYesClick -->
  <testcase name="te" time="0.002" classname="org.samsung.pageexecution.BuyingPageExecution"/>
  <testcase name="exchangeDeviceYesClose" time="0.0" classname="org.samsung.pageexecution.BuyingPageExecution">
    <ignored/>
  </testcase> <!-- exchangeDeviceYesClose -->
</testsuite> <!-- Test -->
